14:54:06,604 (main) INFO  [it.test.ConexionTest] - Probando el acceso a la base de datos con datos válidos (BD, credenciales, esquema
14:54:06,756 (main) INFO  [it.test.ConexionTest] - Se encontró un archivo de configuración de tablas válido
14:54:10,184 (main) INFO  [it.test.ConexionTest] - Conexión realizada correstamente
14:54:10,184 (main) INFO  [it.test.ConexionTest] - Cerrando la conexión
14:54:10,194 (main) INFO  [it.test.ConexionTest] - Conexión cerrada
15:03:49,545 (main) INFO  [it.test.ConexionTest] - Probando el acceso a la base de datos con una base de datos que no existe
15:03:49,746 (main) INFO  [it.test.ConexionTest] - NO se encontró un archivo de configuración válido
15:03:54,991 (main) INFO  [it.test.ConexionTest] - Prueba realizada exitosamente. La excepción generada es: java.lang.NullPointerException
15:03:55,037 (main) INFO  [it.test.ConexionTest] - Probando el acceso a la base de datos con datos de usuario incorrectos
15:03:55,038 (main) INFO  [it.test.ConexionTest] - Se encontró un archivo de configuración de tablas válido
15:03:55,315 (main) INFO  [it.test.ConexionTest] - Prueba realizada exitosamente. La excepción generada es: javax.jdo.JDOFatalUserException
15:03:55,315 (main) INFO  [it.test.ConexionTest] - La causa es: javax.jdo.JDOUserException: PersistenceManagerFactory debe usar "persistence-unit" con nombre "EPSAndesErrorUser" pero no hay ninguna con ese nombre
15:03:55,316 (main) INFO  [it.test.ConexionTest] - Probando el acceso a la base de datos con datos válidos (BD, credenciales, esquema
15:03:55,316 (main) INFO  [it.test.ConexionTest] - Se encontró un archivo de configuración de tablas válido
15:03:57,441 (main) INFO  [it.test.ConexionTest] - Conexión realizada correstamente
15:03:57,441 (main) INFO  [it.test.ConexionTest] - Cerrando la conexión
15:03:57,449 (main) INFO  [it.test.ConexionTest] - Conexión cerrada
15:08:59,295 (main) INFO  [it.test.ConexionTest] - Probando el acceso a la base de datos con una base de datos que no existe
15:08:59,448 (main) INFO  [it.test.ConexionTest] - NO se encontró un archivo de configuración válido
15:09:01,313 (main) INFO  [it.test.ConexionTest] - Prueba realizada exitosamente. La excepción generada es: java.lang.NullPointerException
15:09:01,320 (main) INFO  [it.test.ConexionTest] - Probando el acceso a la base de datos con datos de usuario incorrectos
15:09:01,322 (main) INFO  [it.test.ConexionTest] - Se encontró un archivo de configuración de tablas válido
15:09:01,759 (main) INFO  [it.test.ConexionTest] - Prueba realizada exitosamente. La excepción generada es: javax.jdo.JDOFatalUserException
15:09:01,759 (main) INFO  [it.test.ConexionTest] - La causa es: javax.jdo.JDOUserException: PersistenceManagerFactory debe usar "persistence-unit" con nombre "EPSAndesErrorUser" pero no hay ninguna con ese nombre
15:09:01,760 (main) INFO  [it.test.ConexionTest] - Probando el acceso a la base de datos con datos válidos (BD, credenciales, esquema
15:09:01,761 (main) INFO  [it.test.ConexionTest] - Se encontró un archivo de configuración de tablas válido
15:09:04,417 (main) INFO  [it.test.ConexionTest] - Conexión realizada correstamente
15:09:04,417 (main) INFO  [it.test.ConexionTest] - Cerrando la conexión
15:09:04,424 (main) INFO  [it.test.ConexionTest] - Conexión cerrada
15:53:16,332 (main) INFO  [it.controller.Controller] - Se encontró un archivo de configuración válido: Tablas BD
15:55:04,611 (main) INFO  [it.controller.Controller] - Se encontró un archivo de configuración válido: Tablas BD
16:43:54,500 (main) INFO  [it.controller.Controller] - Se encontró un archivo de configuración válido: Tablas BD
16:47:25,228 (main) INFO  [it.controller.Controller] - Se encontró un archivo de configuración válido: Tablas BD
16:47:36,353 (main) INFO  [it.negocio.EPSAndes] - Registrando rol de usuario: Administrador
16:47:36,483 (main) ERROR [it.persistencia.PersistenciaEPSAndes] - Exception: null

16:47:36,486 (main) INFO  [it.negocio.EPSAndes] - Registrando rol de usuario: null
16:53:26,017 (main) INFO  [it.controller.Controller] - Se encontró un archivo de configuración válido: Tablas BD
16:55:11,032 (main) INFO  [it.controller.Controller] - Se encontró un archivo de configuración válido: Tablas BD
16:57:25,251 (main) INFO  [it.controller.Controller] - Se encontró un archivo de configuración válido: Tablas BD
16:57:45,148 (main) INFO  [it.controller.Controller] - Se encontró un archivo de configuración válido: Tablas BD
16:58:38,059 (main) INFO  [it.controller.Controller] - Se encontró un archivo de configuración válido: Tablas BD
17:02:40,727 (main) INFO  [it.controller.Controller] - Se encontró un archivo de configuración válido: Tablas BD
17:03:42,248 (main) INFO  [it.controller.Controller] - Se encontró un archivo de configuración válido: Tablas BD
17:04:27,456 (main) INFO  [it.controller.Controller] - Se encontró un archivo de configuración válido: Tablas BD
17:04:48,180 (main) INFO  [it.controller.Controller] - Se encontró un archivo de configuración válido: Tablas BD
17:19:05,255 (main) INFO  [it.controller.Controller] - Se encontró un archivo de configuración válido: Tablas BD
17:19:53,341 (main) INFO  [it.controller.Controller] - Se encontró un archivo de configuración válido: Tablas BD
17:40:57,917 (main) INFO  [it.controller.Controller] - Se encontró un archivo de configuración válido: Tablas BD
18:46:01,616 (main) INFO  [it.controller.Controller] - Se encontró un archivo de configuración válido: Tablas BD
18:46:29,924 (main) INFO  [it.controller.Controller] - Se encontró un archivo de configuración válido: Tablas BD
18:46:50,982 (main) INFO  [it.controller.Controller] - Se encontró un archivo de configuración válido: Tablas BD
18:48:59,747 (main) INFO  [it.controller.Controller] - Se encontró un archivo de configuración válido: Tablas BD
18:49:32,786 (main) INFO  [it.controller.Controller] - Se encontró un archivo de configuración válido: Tablas BD
18:51:54,536 (main) INFO  [it.controller.Controller] - Se encontró un archivo de configuración válido: Tablas BD
18:52:52,106 (main) INFO  [it.controller.Controller] - Se encontró un archivo de configuración válido: Tablas BD
19:33:53,494 (main) INFO  [it.controller.Controller] - Se encontró un archivo de configuración válido: Tablas BD
19:35:52,728 (main) INFO  [it.controller.Controller] - Se encontró un archivo de configuración válido: Tablas BD
19:36:46,026 (main) INFO  [it.controller.Controller] - Se encontró un archivo de configuración válido: Tablas BD
19:44:14,856 (main) INFO  [it.controller.Controller] - Se encontró un archivo de configuración válido: Tablas BD
19:44:24,310 (main) INFO  [it.negocio.EPSAndes] - Registrando rol de usuario: j
19:44:24,348 (main) ERROR [it.persistencia.PersistenciaEPSAndes] - Exception: null

19:44:24,350 (main) INFO  [it.negocio.EPSAndes] - Registrando rol de usuario: null
19:44:24,351 (main) INFO  [it.controller.Controller] - Se encontró un archivo de configuración válido: Tablas BD
19:50:35,527 (main) INFO  [it.controller.Controller] - Se encontró un archivo de configuración válido: Tablas BD
19:51:10,377 (main) INFO  [it.controller.Controller] - Se encontró un archivo de configuración válido: Tablas BD
19:57:05,435 (main) INFO  [it.test.ConexionTest] - Probando el acceso a la base de datos con una base de datos que no existe
19:57:10,849 (main) INFO  [it.test.ConexionTest] - NO se encontró un archivo de configuración válido
19:57:24,604 (main) INFO  [it.test.ConexionTest] - Prueba realizada exitosamente. La excepción generada es: java.lang.NullPointerException
19:57:24,840 (main) INFO  [it.test.ConexionTest] - Probando el acceso a la base de datos con datos de usuario incorrectos
19:57:24,851 (main) INFO  [it.test.ConexionTest] - Se encontró un archivo de configuración de tablas válido
19:57:42,647 (main) INFO  [it.test.ConexionTest] - Prueba realizada exitosamente. La excepción generada es: javax.jdo.JDOFatalUserException
19:57:42,649 (main) INFO  [it.test.ConexionTest] - La causa es: javax.jdo.JDOUserException: PersistenceManagerFactory debe usar "persistence-unit" con nombre "EPSAndesErrorUser" pero no hay ninguna con ese nombre
19:57:42,658 (main) INFO  [it.test.ConexionTest] - Probando el acceso a la base de datos con datos válidos (BD, credenciales, esquema
19:57:56,122 (main) INFO  [it.test.ConexionTest] - Se encontró un archivo de configuración de tablas válido
20:16:37,119 (main) INFO  [it.test.ConexionTest] - Prueba de acceso normal FALLÓ !!. La excepción generada es: javax.jdo.JDOFatalUserException
20:16:37,791 (main) INFO  [it.test.ConexionTest] - La causa es: javax.jdo.JDOFatalDataStoreException: Error de E/S: Se ha forzado la interrupción de una conexión existente por el host remoto, Authentication lapse 303873 ms.
NestedThrowables:
java.sql.SQLRecoverableException: Error de E/S: Se ha forzado la interrupción de una conexión existente por el host remoto, Authentication lapse 303873 ms.
20:20:32,930 (main) INFO  [it.controller.Controller] - Se encontró un archivo de configuración válido: Tablas BD
20:21:03,852 (main) INFO  [it.controller.Controller] - Se encontró un archivo de configuración válido: Tablas BD
20:26:23,530 (main) INFO  [it.controller.Controller] - Se encontró un archivo de configuración válido: Tablas BD
20:33:11,542 (main) INFO  [it.controller.Controller] - Se encontró un archivo de configuración válido: Tablas BD
20:35:08,138 (main) INFO  [it.controller.Controller] - Se encontró un archivo de configuración válido: Tablas BD
20:37:06,808 (main) INFO  [it.test.ConexionTest] - Probando el acceso a la base de datos con una base de datos que no existe
20:37:06,959 (main) INFO  [it.test.ConexionTest] - NO se encontró un archivo de configuración válido
20:37:08,663 (main) INFO  [it.test.ConexionTest] - Prueba realizada exitosamente. La excepción generada es: java.lang.NullPointerException
20:37:08,679 (main) INFO  [it.test.ConexionTest] - Probando el acceso a la base de datos con datos de usuario incorrectos
20:37:08,679 (main) INFO  [it.test.ConexionTest] - Se encontró un archivo de configuración de tablas válido
20:37:11,967 (main) INFO  [it.test.ConexionTest] - Probando el acceso a la base de datos con datos válidos (BD, credenciales, esquema
20:37:11,968 (main) INFO  [it.test.ConexionTest] - Se encontró un archivo de configuración de tablas válido
20:37:11,968 (main) INFO  [it.test.ConexionTest] - Conexión realizada correstamente
20:37:11,968 (main) INFO  [it.test.ConexionTest] - Cerrando la conexión
20:37:11,976 (main) INFO  [it.test.ConexionTest] - Conexión cerrada
20:37:28,847 (main) INFO  [it.controller.Controller] - Se encontró un archivo de configuración válido: Tablas BD
20:38:31,515 (main) INFO  [it.controller.Controller] - Se encontró un archivo de configuración válido: Tablas BD
20:38:49,915 (main) INFO  [it.controller.Controller] - Se encontró un archivo de configuración válido: Tablas BD
20:40:01,377 (main) INFO  [it.controller.Controller] - Se encontró un archivo de configuración válido: Tablas BD
20:40:39,326 (main) INFO  [it.negocio.EPSAndes] - Registrando rol de usuario: Admin
20:41:41,079 (main) ERROR [it.persistencia.PersistenciaEPSAndes] - Exception: null

20:41:47,568 (main) INFO  [it.negocio.EPSAndes] - Registrando rol de usuario: null
20:41:55,385 (main) INFO  [it.controller.Controller] - Se encontró un archivo de configuración válido: Tablas BD
20:43:09,316 (main) INFO  [it.negocio.EPSAndes] - Registrando rol de usuario: r
20:44:14,590 (main) INFO  [it.controller.Controller] - Se encontró un archivo de configuración válido: Tablas BD
20:44:35,136 (main) INFO  [it.negocio.EPSAndes] - Registrando rol de usuario: d
20:46:37,230 (main) ERROR [it.persistencia.PersistenciaEPSAndes] - Exception: null

20:47:06,539 (main) INFO  [it.controller.Controller] - Se encontró un archivo de configuración válido: Tablas BD
20:47:26,272 (main) INFO  [it.negocio.EPSAndes] - Registrando rol de usuario: r
20:48:22,232 (main) INFO  [it.controller.Controller] - Se encontró un archivo de configuración válido: Tablas BD
20:48:46,546 (main) INFO  [it.negocio.EPSAndes] - Registrando rol de usuario: hb
20:51:11,088 (main) INFO  [it.controller.Controller] - Se encontró un archivo de configuración válido: Tablas BD
20:51:31,700 (main) INFO  [it.negocio.EPSAndes] - Registrando rol de usuario: admin
20:55:12,199 (main) INFO  [it.controller.Controller] - Se encontró un archivo de configuración válido: Tablas BD
20:55:38,859 (main) INFO  [it.negocio.EPSAndes] - Registrando rol de usuario: admin
20:57:28,268 (main) INFO  [it.negocio.EPSAndes] - Registrando rol de usuario: Rol [id=2, nombre=admin]
20:57:46,913 (main) INFO  [it.controller.Controller] - Se encontró un archivo de configuración válido: Tablas BD
21:21:32,057 (main) INFO  [it.controller.Controller] - Se encontró un archivo de configuración válido: Tablas BD
21:21:58,484 (main) INFO  [it.negocio.EPSAndes] - Registrando rol de usuario: san
21:25:47,467 (main) INFO  [it.controller.Controller] - Se encontró un archivo de configuración válido: Tablas BD
21:26:59,529 (main) INFO  [it.controller.Controller] - Se encontró un archivo de configuración válido: Tablas BD
21:27:27,623 (main) INFO  [it.negocio.EPSAndes] - Registrando rol de usuario: administrador
21:29:09,728 (main) INFO  [it.controller.Controller] - Se encontró un archivo de configuración válido: Tablas BD
21:30:17,721 (main) INFO  [it.negocio.EPSAndes] - Registrando rol de usuario: administrador
21:30:58,936 (main) ERROR [it.persistencia.PersistenciaEPSAndes] - Exception: Error con la ejecucion de Query de SQL "INSERT INTO A_ROL(id, nombre) VALUES(?, ?)".
ORA-02290: restricción de control (ISIS2304C071920.P_ROL) violada

21:31:04,063 (main) INFO  [it.negocio.EPSAndes] - Registrando rol de usuario: null
21:32:14,417 (main) INFO  [it.controller.Controller] - Se encontró un archivo de configuración válido: Tablas BD
21:32:40,374 (main) INFO  [it.negocio.EPSAndes] - Registrando rol de usuario: ADMINISTRADOR
21:33:32,561 (main) INFO  [it.negocio.EPSAndes] - Registrando rol de usuario: Rol [id=6, nombre=ADMINISTRADOR]
15:33:34,536 (main) INFO  [it.controller.Controller] - Se encontró un archivo de configuración válido: Tablas BD
15:35:16,652 (main) INFO  [it.controller.Controller] - Se encontró un archivo de configuración válido: Tablas BD
15:36:34,770 (main) INFO  [it.controller.Controller] - Se encontró un archivo de configuración válido: Tablas BD
15:44:46,584 (main) INFO  [it.controller.Controller] - Se encontró un archivo de configuración válido: Tablas BD
15:48:34,649 (main) INFO  [it.controller.Controller] - Se encontró un archivo de configuración válido: Tablas BD
15:54:55,918 (main) INFO  [it.controller.Controller] - Se encontró un archivo de configuración válido: Tablas BD
15:59:10,365 (main) INFO  [it.controller.Controller] - Se encontró un archivo de configuración válido: Tablas BD
16:28:13,234 (main) INFO  [it.controller.Controller] - Se encontró un archivo de configuración válido: Tablas BD
16:29:11,036 (main) INFO  [it.controller.Controller] - Se encontró un archivo de configuración válido: Tablas BD
16:31:15,473 (main) INFO  [it.negocio.EPSAndes] - Registrando paciente: SANTIAGO
16:31:44,140 (main) ERROR [it.persistencia.PersistenciaEPSAndes] - Exception: Error con la ejecucion de Query de SQL "INSERT INTOA_PACIENTE_RESERVAS(id, nombre, correo, f_nacimiento, estado, tipo_doc) VALUES(?, ?, ?, ?, ?, ?)".
ORA-00925: falta la palabra clave INTO

16:31:49,018 (main) INFO  [it.negocio.EPSAndes] - Registrando paciente: null
16:33:13,059 (main) INFO  [it.controller.Controller] - Se encontró un archivo de configuración válido: Tablas BD
16:34:38,503 (main) INFO  [it.negocio.EPSAndes] - Registrando paciente: SANTIAGO
16:35:34,889 (main) ERROR [it.persistencia.PersistenciaEPSAndes] - Exception: Error con la ejecucion de Query de SQL "INSERT INTO A_PACIENTE_RESERVAS(id, nombre, correo, f_nacimiento, estado, tipo_doc) VALUES(?, ?, ?, ?, ?, ?)".
ORA-00904: "TIPO_DOC": identificador no válido

16:35:41,026 (main) INFO  [it.negocio.EPSAndes] - Registrando paciente: null
16:38:48,134 (main) INFO  [it.controller.Controller] - Se encontró un archivo de configuración válido: Tablas BD
16:40:28,768 (main) INFO  [it.controller.Controller] - Se encontró un archivo de configuración válido: Tablas BD
16:40:39,726 (main) INFO  [it.negocio.EPSAndes] - Registrando rol de usuario: PACIENTE
16:40:40,062 (main) INFO  [it.negocio.EPSAndes] - Registrando rol de usuario: Rol [id=21, nombre=PACIENTE]
16:41:42,705 (main) INFO  [it.negocio.EPSAndes] - Registrando paciente: SANTIAGO
16:41:42,743 (main) ERROR [it.persistencia.PersistenciaEPSAndes] - Exception: Error con la ejecucion de Query de SQL "INSERT INTO A_PACIENTE_RESERVAS(id, nombre, correo, f_nacimiento, estado, tipo_doc) VALUES(?, ?, ?, ?, ?, ?)".
ORA-00904: "TIPO_DOC": identificador no válido

16:41:42,758 (main) INFO  [it.negocio.EPSAndes] - Registrando paciente: null
16:46:14,497 (main) INFO  [it.controller.Controller] - Se encontró un archivo de configuración válido: Tablas BD
16:47:23,200 (main) INFO  [it.negocio.EPSAndes] - Registrando paciente: SANTIAGO
16:47:23,502 (main) ERROR [it.persistencia.PersistenciaEPSAndes] - Exception: Error con la ejecucion de Query de SQL "INSERT INTO A_PACIENTE_RESERVAS(id, nombre, correo, f_nacimiento, estado, TIPO_DOC) VALUES(?, ?, ?, ?, ?, ?)".
ORA-00904: "TIPO_DOC": identificador no válido

16:47:23,517 (main) INFO  [it.negocio.EPSAndes] - Registrando paciente: null
16:47:55,298 (main) INFO  [it.controller.Controller] - Se encontró un archivo de configuración válido: Tablas BD
16:48:26,583 (main) INFO  [it.negocio.EPSAndes] - Registrando paciente: san
16:48:26,858 (main) ERROR [it.persistencia.PersistenciaEPSAndes] - Exception: Error con la ejecucion de Query de SQL "INSERT INTO A_PACIENTE_RESERVAS(id, nombre, correo, f_nacimiento, estado, TIPO_DOC) VALUES(?, ?, ?, ?, ?, ?)".
ORA-00904: "TIPO_DOC": identificador no válido

16:48:26,873 (main) INFO  [it.negocio.EPSAndes] - Registrando paciente: null
16:49:50,746 (main) INFO  [it.controller.Controller] - Se encontró un archivo de configuración válido: Tablas BD
16:51:27,724 (main) INFO  [it.negocio.EPSAndes] - Registrando paciente: san
16:52:46,362 (main) INFO  [it.controller.Controller] - Se encontró un archivo de configuración válido: Tablas BD
16:54:11,629 (main) INFO  [it.negocio.EPSAndes] - Registrando paciente: Santiago
16:54:52,737 (main) INFO  [it.negocio.EPSAndes] - Registrando paciente: Paciente [id=123456, nombre=Santiago, correo=santiago@hotmail.com, fNacimiento=1999-10-13 00:00:00.0, estado=NA, tipoDocumento=CEDULA]
23:48:17,562 (main) INFO  [it.controller.Controller] - Se encontró un archivo de configuración válido: Tablas BD
23:50:48,948 (main) INFO  [it.negocio.EPSAndes] - Registrando médico: Roso
23:51:34,154 (main) INFO  [it.controller.Controller] - Se encontró un archivo de configuración válido: Tablas BD
23:52:43,195 (main) INFO  [it.negocio.EPSAndes] - Registrando médico: 6s
23:59:11,007 (main) INFO  [it.controller.Controller] - Se encontró un archivo de configuración válido: Tablas BD
00:00:12,833 (main) INFO  [it.negocio.EPSAndes] - Registrando médico: Roso
00:00:41,614 (main) INFO  [it.negocio.EPSAndes] - Registrando médico: Medico [id=123456, nombre=Roso, correo=medico123@hotmail.com, especialidad=Ortopedista]
00:32:48,494 (main) INFO  [it.controller.Controller] - Se encontró un archivo de configuración válido: Tablas BD
00:34:08,123 (main) INFO  [it.negocio.EPSAndes] - Registrando médico: Roso
00:34:41,073 (main) INFO  [it.negocio.EPSAndes] - Registrando médico: Medico [id=123456, nombre=Roso, correo=medico123@hotmail.com, especialidad=ORTOPEDISTA]
00:34:47,691 (main) INFO  [it.negocio.EPSAndes] - Registrando registro_medico: 9492300223 , 123456
00:34:47,933 (main) INFO  [it.negocio.EPSAndes] - Registrando tupla: ( 123456 , 9492300223 )
00:41:50,053 (main) INFO  [it.controller.Controller] - Se encontró un archivo de configuración válido: Tablas BD
01:04:23,791 (main) INFO  [it.controller.Controller] - Se encontró un archivo de configuración válido: Tablas BD
11:26:02,192 (main) INFO  [it.controller.Controller] - Se encontró un archivo de configuración válido: Tablas BD
11:33:42,061 (main) INFO  [it.controller.Controller] - Se encontró un archivo de configuración válido: Tablas BD
11:33:48,630 (main) INFO  [it.controller.Controller] - Se encontró un archivo de configuración válido: Tablas BD
11:50:45,837 (main) INFO  [it.controller.Controller] - Se encontró un archivo de configuración válido: Tablas BD
11:52:06,063 (main) INFO  [it.controller.Controller] - Se encontró un archivo de configuración válido: Tablas BD
11:52:53,153 (main) INFO  [it.negocio.EPSAndes] - Registrando recepcionista: 8934390 , Doris , doris@correo.com
11:53:30,518 (main) INFO  [it.negocio.EPSAndes] - Registrando recepcionista: Doris
12:22:37,847 (main) INFO  [it.controller.Controller] - Se encontró un archivo de configuración válido: Tablas BD
12:23:06,363 (main) INFO  [it.negocio.EPSAndes] - Registrando EPS: Colsanitas
12:23:52,312 (main) INFO  [it.negocio.EPSAndes] - Registrando EPS: EPS [id=41, nombre=Colsanitas]
12:26:27,154 (main) INFO  [it.controller.Controller] - Se encontró un archivo de configuración válido: Tablas BD
12:26:44,716 (main) INFO  [it.negocio.EPSAndes] - Registrando rol de usuario: MEDICO
12:26:45,007 (main) INFO  [it.negocio.EPSAndes] - Registrando rol de usuario: Rol [id=42, nombre=MEDICO]
12:27:18,429 (main) INFO  [it.negocio.EPSAndes] - Registrando paciente: SANTIAGO
12:27:18,464 (main) INFO  [it.negocio.EPSAndes] - Registrando paciente: Paciente [id=10792515, nombre=SANTIAGO, correo=SANTIAGO@HOTMAIL.COM, fNacimiento=1999-10-13 00:00:00.0, estado=SANO, tipoDocumento=CEDULA]
12:27:45,303 (main) INFO  [it.negocio.EPSAndes] - Registrando médico: ROSO
12:27:45,364 (main) INFO  [it.negocio.EPSAndes] - Registrando médico: Medico [id=485498, nombre=ROSO, correo=ROSO@MEDICO.COM, especialidad=PEDIATRA]
12:27:45,365 (main) INFO  [it.negocio.EPSAndes] - Registrando registro_medico: 114846148 , 485498
12:27:45,410 (main) INFO  [it.negocio.EPSAndes] - Registrando tupla: ( 485498 , 114846148 )
12:27:55,990 (main) INFO  [it.negocio.EPSAndes] - Registrando EPS: COMPENSAR
12:27:56,032 (main) INFO  [it.negocio.EPSAndes] - Registrando EPS: EPS [id=43, nombre=COMPENSAR]
12:47:13,727 (main) INFO  [it.controller.Controller] - Se encontró un archivo de configuración válido: Tablas BD
12:47:18,539 (main) INFO  [it.controller.Controller] - Se encontró un archivo de configuración válido: Tablas BD
12:47:57,052 (main) INFO  [it.negocio.EPSAndes] - Registrando IPS: Marley
12:47:57,336 (main) INFO  [it.negocio.EPSAndes] - Registrando IPS: IPS [id=44, localizacion=cra, capacidad=300]
12:49:11,407 (main) INFO  [it.controller.Controller] - Se encontró un archivo de configuración válido: Tablas BD
12:49:51,193 (main) INFO  [it.controller.Controller] - Se encontró un archivo de configuración válido: Tablas BD
12:53:21,661 (main) INFO  [it.controller.Controller] - Se encontró un archivo de configuración válido: Tablas BD
12:53:44,444 (main) INFO  [it.controller.Controller] - Se encontró un archivo de configuración válido: Tablas BD
12:56:40,083 (main) INFO  [it.controller.Controller] - Se encontró un archivo de configuración válido: Tablas BD
12:57:09,178 (main) INFO  [it.controller.Controller] - Se encontró un archivo de configuración válido: Tablas BD
12:58:37,275 (main) INFO  [it.controller.Controller] - Se encontró un archivo de configuración válido: Tablas BD
12:59:38,295 (main) INFO  [it.controller.Controller] - Se encontró un archivo de configuración válido: Tablas BD
13:00:08,783 (main) INFO  [it.controller.Controller] - Se encontró un archivo de configuración válido: Tablas BD
13:00:59,877 (main) INFO  [it.controller.Controller] - Se encontró un archivo de configuración válido: Tablas BD
13:01:38,261 (main) INFO  [it.controller.Controller] - Se encontró un archivo de configuración válido: Tablas BD
13:02:30,562 (main) INFO  [it.controller.Controller] - Se encontró un archivo de configuración válido: Tablas BD
13:05:28,465 (main) INFO  [it.controller.Controller] - Se encontró un archivo de configuración válido: Tablas BD
13:05:46,420 (main) INFO  [it.controller.Controller] - Se encontró un archivo de configuración válido: Tablas BD
13:06:52,663 (main) INFO  [it.controller.Controller] - Se encontró un archivo de configuración válido: Tablas BD
13:07:48,343 (main) INFO  [it.controller.Controller] - Se encontró un archivo de configuración válido: Tablas BD
13:11:32,648 (main) INFO  [it.controller.Controller] - Se encontró un archivo de configuración válido: Tablas BD
13:12:07,952 (main) INFO  [it.negocio.EPSAndes] - Registrando IPS: CLINICA MARLEY
13:12:08,226 (main) INFO  [it.negocio.EPSAndes] - Registrando IPS: IPS [id=45, localizacion=CRA 68 # 23, capacidad=3000]
13:27:57,323 (main) INFO  [it.controller.Controller] - Se encontró un archivo de configuración válido: Tablas BD
13:28:00,832 (main) INFO  [it.controller.Controller] - Se encontró un archivo de configuración válido: Tablas BD
13:29:02,505 (main) INFO  [it.controller.Controller] - Se encontró un archivo de configuración válido: Tablas BD
13:29:36,377 (main) INFO  [it.negocio.EPSAndes] - Registrando gerente: SANTIAGO FAJARDO
13:29:36,691 (main) INFO  [it.negocio.EPSAndes] - Registrando gerente: Gerente [id=899490348, nombre=SANTIAGO FAJARDO, correo=SANTIAGO@HOTMAIL.COM]
21:19:31,522 (main) INFO  [it.controller.Controller] - Se encontró un archivo de configuración válido: Tablas BD
21:22:43,361 (main) INFO  [it.controller.Controller] - Se encontró un archivo de configuración válido: Tablas BD
21:25:56,818 (main) INFO  [it.controller.Controller] - Se encontró un archivo de configuración válido: Tablas BD
21:26:10,008 (main) INFO  [it.controller.Controller] - Se encontró un archivo de configuración válido: Tablas BD
21:26:12,594 (main) INFO  [it.negocio.EPSAndes] - Consultando Eps´s
21:26:12,771 (main) INFO  [it.negocio.EPSAndes] - Consultando las eps´s: 0 eps´s agregadas
21:26:19,602 (main) INFO  [it.controller.Controller] - Se encontró un archivo de configuración válido: Tablas BD
21:26:30,746 (main) INFO  [it.controller.Controller] - Se encontró un archivo de configuración válido: Tablas BD
21:27:45,340 (main) INFO  [it.controller.Controller] - Se encontró un archivo de configuración válido: Tablas BD
21:30:38,979 (main) INFO  [it.controller.Controller] - Se encontró un archivo de configuración válido: Tablas BD
21:30:42,030 (main) INFO  [it.negocio.EPSAndes] - Consultando Eps´s
21:30:42,200 (main) INFO  [it.negocio.EPSAndes] - Consultando las eps´s: 0 eps´s agregadas
21:31:01,970 (main) INFO  [it.negocio.EPSAndes] - Registrando EPS: COLSANITAS
21:31:02,123 (main) INFO  [it.negocio.EPSAndes] - Registrando EPS: EPS [id=61, nombre=COLSANITAS]
21:31:29,368 (main) INFO  [it.controller.Controller] - Se encontró un archivo de configuración válido: Tablas BD
21:31:32,096 (main) INFO  [it.negocio.EPSAndes] - Consultando Eps´s
21:31:32,272 (main) INFO  [it.negocio.EPSAndes] - Consultando las eps´s: 1 eps´s agregadas
21:31:36,810 (main) INFO  [it.controller.Controller] - Se encontró un archivo de configuración válido: Tablas BD
21:35:21,033 (main) INFO  [it.controller.Controller] - Se encontró un archivo de configuración válido: Tablas BD
21:35:41,080 (main) INFO  [it.controller.Controller] - Se encontró un archivo de configuración válido: Tablas BD
21:42:34,906 (main) INFO  [it.controller.Controller] - Se encontró un archivo de configuración válido: Tablas BD
21:42:38,224 (main) INFO  [it.negocio.EPSAndes] - Consultando Eps´s
21:42:38,486 (main) INFO  [it.negocio.EPSAndes] - Consultando las eps´s: 1 eps´s agregadas
21:43:04,865 (main) INFO  [it.controller.Controller] - Se encontró un archivo de configuración válido: Tablas BD
21:44:46,642 (main) INFO  [it.controller.Controller] - Se encontró un archivo de configuración válido: Tablas BD
21:50:18,874 (main) INFO  [it.controller.Controller] - Se encontró un archivo de configuración válido: Tablas BD
21:55:28,652 (main) INFO  [it.controller.Controller] - Se encontró un archivo de configuración válido: Tablas BD
22:01:09,074 (main) INFO  [it.controller.Controller] - Se encontró un archivo de configuración válido: Tablas BD
22:04:56,272 (main) INFO  [it.controller.Controller] - Se encontró un archivo de configuración válido: Tablas BD
22:16:01,626 (main) INFO  [it.controller.Controller] - Se encontró un archivo de configuración válido: Tablas BD
22:20:10,738 (main) INFO  [it.controller.Controller] - Se encontró un archivo de configuración válido: Tablas BD
22:26:01,081 (main) INFO  [it.controller.Controller] - Se encontró un archivo de configuración válido: Tablas BD
22:34:33,715 (main) INFO  [it.controller.Controller] - Se encontró un archivo de configuración válido: Tablas BD
22:34:58,072 (main) INFO  [it.controller.Controller] - Se encontró un archivo de configuración válido: Tablas BD
22:40:04,201 (main) INFO  [it.controller.Controller] - Se encontró un archivo de configuración válido: Tablas BD
22:55:31,480 (main) INFO  [it.controller.Controller] - Se encontró un archivo de configuración válido: Tablas BD
23:02:47,681 (main) INFO  [it.controller.Controller] - Se encontró un archivo de configuración válido: Tablas BD
23:08:45,406 (main) INFO  [it.controller.Controller] - Se encontró un archivo de configuración válido: Tablas BD
23:11:33,574 (main) INFO  [it.controller.Controller] - Se encontró un archivo de configuración válido: Tablas BD
23:11:36,302 (main) INFO  [it.negocio.EPSAndes] - Consultando Eps´s
23:11:36,458 (main) INFO  [it.negocio.EPSAndes] - Consultando las eps´s: 1 eps´s agregadas
23:12:41,211 (main) INFO  [it.controller.Controller] - Se encontró un archivo de configuración válido: Tablas BD
23:12:43,754 (main) INFO  [it.negocio.EPSAndes] - Consultando Eps´s
23:12:43,921 (main) INFO  [it.negocio.EPSAndes] - Consultando las eps´s: 1 eps´s agregadas
12:02:19,148 (main) INFO  [it.controller.Controller] - Se encontrï¿½ un archivo de configuraciï¿½n vï¿½lido: Tablas BD
12:02:24,041 (main) INFO  [it.negocio.EPSAndes] - Consultando Epsï¿½s
12:02:24,798 (main) INFO  [it.negocio.EPSAndes] - Consultando las epsï¿½s: 1 epsï¿½s agregadas
12:44:07,019 (main) INFO  [it.controller.Controller] - Se encontrï¿½ un archivo de configuraciï¿½n vï¿½lido: Tablas BD
12:44:13,502 (main) INFO  [it.negocio.EPSAndes] - Consultando Epsï¿½s
12:44:13,783 (main) INFO  [it.negocio.EPSAndes] - Consultando las epsï¿½s: 0 epsï¿½s agregadas
12:47:26,857 (main) INFO  [it.controller.Controller] - Se encontrï¿½ un archivo de configuraciï¿½n vï¿½lido: Tablas BD
12:47:31,195 (main) INFO  [it.negocio.EPSAndes] - Consultando Epsï¿½s
12:47:31,385 (main) INFO  [it.negocio.EPSAndes] - Consultando las epsï¿½s: 0 epsï¿½s agregadas
12:48:41,961 (main) INFO  [it.controller.Controller] - Se encontrï¿½ un archivo de configuraciï¿½n vï¿½lido: Tablas BD
12:48:46,327 (main) INFO  [it.negocio.EPSAndes] - Consultando Epsï¿½s
12:48:46,522 (main) INFO  [it.negocio.EPSAndes] - Consultando las epsï¿½s: 0 epsï¿½s agregadas
12:49:31,024 (main) INFO  [it.controller.Controller] - Se encontrï¿½ un archivo de configuraciï¿½n vï¿½lido: Tablas BD
12:49:35,453 (main) INFO  [it.negocio.EPSAndes] - Consultando Epsï¿½s
12:49:35,674 (main) INFO  [it.negocio.EPSAndes] - Consultando las epsï¿½s: 0 epsï¿½s agregadas
12:49:55,924 (main) INFO  [it.test.ConexionTest] - Probando el acceso a la base de datos con una base de datos que no existe
12:49:56,157 (main) INFO  [it.test.ConexionTest] - NO se encontrï¿½ un archivo de configuraciï¿½n vï¿½lido
12:50:01,105 (main) INFO  [it.test.ConexionTest] - Prueba realizada exitosamente. La excepciï¿½n generada es: java.lang.NullPointerException
12:50:01,159 (main) INFO  [it.test.ConexionTest] - Probando el acceso a la base de datos con datos de usuario incorrectos
12:50:01,228 (main) INFO  [it.test.ConexionTest] - Se encontrï¿½ un archivo de configuraciï¿½n de tablas vï¿½lido
12:50:01,535 (main) INFO  [it.test.ConexionTest] - Prueba realizada exitosamente. La excepciï¿½n generada es: javax.jdo.JDOFatalUserException
12:50:01,535 (main) INFO  [it.test.ConexionTest] - La causa es: javax.jdo.JDOUserException: PersistenceManagerFactory debe usar "persistence-unit" con nombre "EPSAndesErrorUser" pero no hay ninguna con ese nombre
12:50:01,536 (main) INFO  [it.test.ConexionTest] - Probando el acceso a la base de datos con datos vï¿½lidos (BD, credenciales, esquema
12:50:01,536 (main) INFO  [it.test.ConexionTest] - Se encontrï¿½ un archivo de configuraciï¿½n de tablas vï¿½lido
12:50:04,083 (main) INFO  [it.test.ConexionTest] - Conexiï¿½n realizada correstamente
12:50:04,083 (main) INFO  [it.test.ConexionTest] - Cerrando la conexiï¿½n
12:50:04,092 (main) INFO  [it.test.ConexionTest] - Conexiï¿½n cerrada
12:51:24,085 (main) INFO  [it.controller.Controller] - Se encontrï¿½ un archivo de configuraciï¿½n vï¿½lido: Tablas BD
12:51:28,394 (main) INFO  [it.negocio.EPSAndes] - Consultando Epsï¿½s
12:51:28,592 (main) INFO  [it.negocio.EPSAndes] - Consultando las epsï¿½s: 0 epsï¿½s agregadas
12:51:51,138 (main) INFO  [it.negocio.EPSAndes] - Registrando EPS: COLSANITAS
12:51:51,323 (main) INFO  [it.negocio.EPSAndes] - Registrando EPS: EPS [id=101, nombre=COLSANITAS]
12:52:31,406 (main) INFO  [it.negocio.EPSAndes] - Registrando IPS: HOSPITAL HOLA
12:52:31,450 (main) INFO  [it.negocio.EPSAndes] - Registrando IPS: IPS [id=102, localizacion=CRA 68, capacidad=800]
12:53:11,113 (main) INFO  [it.controller.Controller] - Se encontrï¿½ un archivo de configuraciï¿½n vï¿½lido: Tablas BD
12:53:15,337 (main) INFO  [it.negocio.EPSAndes] - Consultando Epsï¿½s
12:53:15,533 (main) INFO  [it.negocio.EPSAndes] - Consultando las epsï¿½s: 0 epsï¿½s agregadas
12:53:34,942 (main) INFO  [it.negocio.EPSAndes] - Registrando EPS: COLSANITAS
12:53:35,086 (main) INFO  [it.negocio.EPSAndes] - Registrando EPS: EPS [id=103, nombre=COLSANITAS]
12:53:54,155 (main) INFO  [it.negocio.EPSAndes] - Registrando IPS: HOSPITAL HOLA
12:53:54,200 (main) INFO  [it.negocio.EPSAndes] - Registrando IPS: IPS [id=104, localizacion=CRA 68 # 32, capacidad=800]
13:46:27,152 (main) INFO  [it.controller.Controller] - Se encontrï¿½ un archivo de configuraciï¿½n vï¿½lido: Tablas BD
13:46:31,599 (main) INFO  [it.negocio.EPSAndes] - Consultando Epsï¿½s
13:46:31,813 (main) INFO  [it.negocio.EPSAndes] - Consultando las epsï¿½s: 0 epsï¿½s agregadas
21:55:28,346 (main) INFO  [it.controller.Controller] - Se encontrï¿½ un archivo de configuraciï¿½n vï¿½lido: Tablas BD
21:55:34,943 (main) INFO  [it.negocio.EPSAndes] - Consultando Epsï¿½s
21:55:35,206 (main) INFO  [it.negocio.EPSAndes] - Consultando las epsï¿½s: 0 epsï¿½s agregadas
21:56:10,517 (main) INFO  [it.negocio.EPSAndes] - Registrando IPS: HOSPITAL H
21:56:10,694 (main) INFO  [it.negocio.EPSAndes] - Registrando IPS: IPS [id=121, localizacion=CRA 68 , capacidad=700]
22:00:12,653 (main) INFO  [it.controller.Controller] - Se encontrï¿½ un archivo de configuraciï¿½n vï¿½lido: Tablas BD
22:00:17,682 (main) INFO  [it.negocio.EPSAndes] - Consultando Epsï¿½s
22:00:17,918 (main) INFO  [it.negocio.EPSAndes] - Consultando las epsï¿½s: 0 epsï¿½s agregadas
22:00:33,751 (main) INFO  [it.negocio.EPSAndes] - Registrando EPS: COLSANITAS
22:00:33,910 (main) INFO  [it.negocio.EPSAndes] - Registrando EPS: EPS [id=122, nombre=COLSANITAS]
22:01:29,728 (main) INFO  [it.controller.Controller] - Se encontrï¿½ un archivo de configuraciï¿½n vï¿½lido: Tablas BD
22:01:34,518 (main) INFO  [it.negocio.EPSAndes] - Consultando Epsï¿½s
22:01:34,785 (main) INFO  [it.negocio.EPSAndes] - Consultando las epsï¿½s: 1 epsï¿½s agregadas
22:01:41,512 (main) INFO  [it.negocio.EPSAndes] - Consultando Epsï¿½s
22:01:41,533 (main) INFO  [it.negocio.EPSAndes] - Consultando las epsï¿½s: 1 epsï¿½s agregadas
22:02:20,030 (main) INFO  [it.controller.Controller] - Se encontrï¿½ un archivo de configuraciï¿½n vï¿½lido: Tablas BD
22:02:24,797 (main) INFO  [it.negocio.EPSAndes] - Consultando Epsï¿½s
22:02:24,990 (main) INFO  [it.negocio.EPSAndes] - Consultando las epsï¿½s: 1 epsï¿½s agregadas
22:03:17,177 (main) INFO  [it.controller.Controller] - Se encontrï¿½ un archivo de configuraciï¿½n vï¿½lido: Tablas BD
22:03:21,720 (main) INFO  [it.negocio.EPSAndes] - Consultando Epsï¿½s
22:03:21,932 (main) INFO  [it.negocio.EPSAndes] - Consultando las epsï¿½s: 0 epsï¿½s agregadas
22:03:29,168 (main) INFO  [it.negocio.EPSAndes] - Consultando Epsï¿½s
22:03:29,224 (main) INFO  [it.negocio.EPSAndes] - Consultando las epsï¿½s: 0 epsï¿½s agregadas
22:03:40,144 (main) INFO  [it.negocio.EPSAndes] - Registrando EPS: COLSANITAS
22:03:40,297 (main) INFO  [it.negocio.EPSAndes] - Registrando EPS: EPS [id=123, nombre=COLSANITAS]
22:03:40,298 (main) INFO  [it.negocio.EPSAndes] - Consultando Epsï¿½s
22:03:40,316 (main) INFO  [it.negocio.EPSAndes] - Consultando las epsï¿½s: 1 epsï¿½s agregadas
22:04:04,910 (main) INFO  [it.negocio.EPSAndes] - Registrando IPS: CLINICA COLOMBIA
22:04:04,950 (main) INFO  [it.negocio.EPSAndes] - Registrando IPS: IPS [id=124, localizacion=CIUDAD SALITRE, capacidad=1300]
22:06:50,800 (main) INFO  [it.negocio.EPSAndes] - Consultando Epsï¿½s
22:06:50,824 (main) INFO  [it.negocio.EPSAndes] - Consultando las epsï¿½s: 1 epsï¿½s agregadas
22:07:13,268 (main) INFO  [it.controller.Controller] - Se encontrï¿½ un archivo de configuraciï¿½n vï¿½lido: Tablas BD
22:07:18,072 (main) INFO  [it.negocio.EPSAndes] - Consultando Epsï¿½s
22:07:18,278 (main) INFO  [it.negocio.EPSAndes] - Consultando las epsï¿½s: 0 epsï¿½s agregadas
22:07:23,789 (main) INFO  [it.negocio.EPSAndes] - Consultando Epsï¿½s
22:07:23,810 (main) INFO  [it.negocio.EPSAndes] - Consultando las epsï¿½s: 0 epsï¿½s agregadas
22:07:44,143 (main) INFO  [it.negocio.EPSAndes] - Registrando EPS: COLSANITAS
22:07:44,291 (main) INFO  [it.negocio.EPSAndes] - Registrando EPS: EPS [id=125, nombre=COLSANITAS]
22:07:44,291 (main) INFO  [it.negocio.EPSAndes] - Consultando Epsï¿½s
22:07:44,310 (main) INFO  [it.negocio.EPSAndes] - Consultando las epsï¿½s: 1 epsï¿½s agregadas
22:08:02,351 (main) INFO  [it.negocio.EPSAndes] - Registrando IPS: HOSPITAL H
22:08:02,390 (main) INFO  [it.negocio.EPSAndes] - Registrando IPS: IPS [id=126, localizacion=BOGOTA, capacidad=800]
22:18:42,310 (main) INFO  [it.negocio.EPSAndes] - Consultando Epsï¿½s
22:18:42,334 (main) INFO  [it.negocio.EPSAndes] - Consultando las epsï¿½s: 1 epsï¿½s agregadas
22:29:54,142 (main) INFO  [it.controller.Controller] - Se encontrï¿½ un archivo de configuraciï¿½n vï¿½lido: Tablas BD
22:29:58,229 (main) INFO  [it.negocio.EPSAndes] - Consultando Epsï¿½s
22:29:58,432 (main) INFO  [it.negocio.EPSAndes] - Consultando las epsï¿½s: 0 epsï¿½s agregadas
22:30:10,424 (main) INFO  [it.negocio.EPSAndes] - Consultando Epsï¿½s
22:30:10,444 (main) INFO  [it.negocio.EPSAndes] - Consultando las epsï¿½s: 0 epsï¿½s agregadas
22:30:19,556 (main) INFO  [it.negocio.EPSAndes] - Registrando EPS: COLSANITAS
22:30:19,691 (main) INFO  [it.negocio.EPSAndes] - Registrando EPS: EPS [id=127, nombre=COLSANITAS]
22:30:19,691 (main) INFO  [it.negocio.EPSAndes] - Consultando Epsï¿½s
22:30:19,710 (main) INFO  [it.negocio.EPSAndes] - Consultando las epsï¿½s: 1 epsï¿½s agregadas
22:30:33,513 (main) INFO  [it.negocio.EPSAndes] - Registrando IPS: HOSPITAL
22:30:33,561 (main) INFO  [it.negocio.EPSAndes] - Registrando IPS: IPS [id=128, localizacion=BOGOTA, capacidad=800]
22:33:15,257 (main) INFO  [it.controller.Controller] - Se encontrï¿½ un archivo de configuraciï¿½n vï¿½lido: Tablas BD
22:33:19,520 (main) INFO  [it.negocio.EPSAndes] - Consultando Epsï¿½s
22:33:19,721 (main) INFO  [it.negocio.EPSAndes] - Consultando las epsï¿½s: 1 epsï¿½s agregadas
22:33:26,213 (main) INFO  [it.negocio.EPSAndes] - Consultando Epsï¿½s
22:33:26,233 (main) INFO  [it.negocio.EPSAndes] - Consultando las epsï¿½s: 1 epsï¿½s agregadas
22:33:57,987 (main) INFO  [it.negocio.EPSAndes] - Registrando EPS: COMPENSAR
22:34:04,741 (main) INFO  [it.negocio.EPSAndes] - Registrando EPS: EPS [id=129, nombre=COMPENSAR]
22:34:10,783 (main) INFO  [it.negocio.EPSAndes] - Consultando Epsï¿½s
22:34:10,823 (main) INFO  [it.negocio.EPSAndes] - Consultando las epsï¿½s: 2 epsï¿½s agregadas
22:35:43,945 (main) INFO  [it.negocio.EPSAndes] - Registrando IPS: HOSPITAL H
22:35:44,025 (main) INFO  [it.negocio.EPSAndes] - Registrando IPS: IPS [id=130, localizacion=B, capacidad=8]
22:39:04,577 (main) INFO  [it.controller.Controller] - Se encontrï¿½ un archivo de configuraciï¿½n vï¿½lido: Tablas BD
22:39:08,692 (main) INFO  [it.negocio.EPSAndes] - Consultando Epsï¿½s
22:39:08,873 (main) INFO  [it.negocio.EPSAndes] - Consultando las epsï¿½s: 0 epsï¿½s agregadas
22:39:14,682 (main) INFO  [it.negocio.EPSAndes] - Consultando Epsï¿½s
22:39:14,700 (main) INFO  [it.negocio.EPSAndes] - Consultando las epsï¿½s: 0 epsï¿½s agregadas
22:39:20,912 (main) INFO  [it.negocio.EPSAndes] - Registrando EPS: COLSANITAS
22:39:21,050 (main) INFO  [it.negocio.EPSAndes] - Registrando EPS: EPS [id=131, nombre=COLSANITAS]
22:39:21,050 (main) INFO  [it.negocio.EPSAndes] - Consultando Epsï¿½s
22:39:21,070 (main) INFO  [it.negocio.EPSAndes] - Consultando las epsï¿½s: 1 epsï¿½s agregadas
22:46:53,179 (main) INFO  [it.controller.Controller] - Se encontrï¿½ un archivo de configuraciï¿½n vï¿½lido: Tablas BD
22:46:57,429 (main) INFO  [it.negocio.EPSAndes] - Consultando Epsï¿½s
22:46:57,641 (main) INFO  [it.negocio.EPSAndes] - Consultando las epsï¿½s: 0 epsï¿½s agregadas
22:47:09,193 (main) INFO  [it.negocio.EPSAndes] - Consultando Epsï¿½s
22:47:09,214 (main) INFO  [it.negocio.EPSAndes] - Consultando las epsï¿½s: 0 epsï¿½s agregadas
22:47:24,635 (main) INFO  [it.negocio.EPSAndes] - Registrando EPS: COLSANITAS
22:47:24,786 (main) INFO  [it.negocio.EPSAndes] - Registrando EPS: EPS [id=132, nombre=COLSANITAS]
22:47:24,786 (main) INFO  [it.negocio.EPSAndes] - Consultando Epsï¿½s
22:47:24,811 (main) INFO  [it.negocio.EPSAndes] - Consultando las epsï¿½s: 1 epsï¿½s agregadas
22:47:31,604 (main) INFO  [it.negocio.EPSAndes] - Registrando EPS: COMPENSAR
22:47:31,647 (main) INFO  [it.negocio.EPSAndes] - Registrando EPS: EPS [id=133, nombre=COMPENSAR]
22:47:31,647 (main) INFO  [it.negocio.EPSAndes] - Consultando Epsï¿½s
22:47:31,665 (main) INFO  [it.negocio.EPSAndes] - Consultando las epsï¿½s: 2 epsï¿½s agregadas
22:47:42,042 (main) INFO  [it.negocio.EPSAndes] - Registrando IPS: HOSPITAL H
22:47:42,087 (main) INFO  [it.negocio.EPSAndes] - Registrando IPS: IPS [id=134, localizacion=BOGOTA, capacidad=800]
22:49:19,630 (main) INFO  [it.controller.Controller] - Se encontrï¿½ un archivo de configuraciï¿½n vï¿½lido: Tablas BD
22:49:23,989 (main) INFO  [it.negocio.EPSAndes] - Consultando Epsï¿½s
22:49:24,186 (main) INFO  [it.negocio.EPSAndes] - Consultando las epsï¿½s: 0 epsï¿½s agregadas
22:49:30,232 (main) INFO  [it.negocio.EPSAndes] - Consultando Epsï¿½s
22:49:30,255 (main) INFO  [it.negocio.EPSAndes] - Consultando las epsï¿½s: 0 epsï¿½s agregadas
22:49:35,767 (main) INFO  [it.negocio.EPSAndes] - Registrando EPS: COLSANITAS
22:49:35,920 (main) INFO  [it.negocio.EPSAndes] - Registrando EPS: EPS [id=135, nombre=COLSANITAS]
22:49:35,921 (main) INFO  [it.negocio.EPSAndes] - Consultando Epsï¿½s
22:49:35,943 (main) INFO  [it.negocio.EPSAndes] - Consultando las epsï¿½s: 1 epsï¿½s agregadas
22:49:42,336 (main) INFO  [it.negocio.EPSAndes] - Registrando EPS: COMPENSAR
22:49:42,377 (main) INFO  [it.negocio.EPSAndes] - Registrando EPS: EPS [id=136, nombre=COMPENSAR]
22:49:42,377 (main) INFO  [it.negocio.EPSAndes] - Consultando Epsï¿½s
22:49:42,401 (main) INFO  [it.negocio.EPSAndes] - Consultando las epsï¿½s: 2 epsï¿½s agregadas
22:49:56,097 (main) INFO  [it.negocio.EPSAndes] - Registrando IPS: HOSPITAL H
22:49:56,141 (main) INFO  [it.negocio.EPSAndes] - Registrando IPS: IPS [id=137, Nombre=HOSPITAL H, localizacion=BOGOTA, capacidad=800]
22:51:22,575 (main) INFO  [it.controller.Controller] - Se encontrï¿½ un archivo de configuraciï¿½n vï¿½lido: Tablas BD
22:51:26,904 (main) INFO  [it.negocio.EPSAndes] - Consultando Epsï¿½s
22:51:27,086 (main) INFO  [it.negocio.EPSAndes] - Consultando las epsï¿½s: 2 epsï¿½s agregadas
22:51:35,705 (main) INFO  [it.negocio.EPSAndes] - Consultando Epsï¿½s
22:51:35,728 (main) INFO  [it.negocio.EPSAndes] - Consultando las epsï¿½s: 2 epsï¿½s agregadas
22:51:51,542 (main) INFO  [it.negocio.EPSAndes] - Registrando IPS: HOSPITAL
22:51:51,698 (main) INFO  [it.negocio.EPSAndes] - Registrando IPS: IPS [id=138, Nombre=HOSPITAL, localizacion=BOGOTA, capacidad=700]
22:56:34,050 (main) INFO  [it.controller.Controller] - Se encontrï¿½ un archivo de configuraciï¿½n vï¿½lido: Tablas BD
22:56:39,232 (main) INFO  [it.negocio.EPSAndes] - Consultando Epsï¿½s
22:56:39,547 (main) INFO  [it.negocio.EPSAndes] - Consultando las epsï¿½s: 2 epsï¿½s agregadas
22:56:53,209 (main) INFO  [it.negocio.EPSAndes] - Consultando Epsï¿½s
22:56:53,232 (main) INFO  [it.negocio.EPSAndes] - Consultando las epsï¿½s: 2 epsï¿½s agregadas
22:57:02,996 (main) INFO  [it.negocio.EPSAndes] - Registrando IPS: HOSPITAL
22:57:03,184 (main) INFO  [it.negocio.EPSAndes] - Registrando IPS: IPS [id=139, Nombre=HOSPITAL, localizacion=BOGOTA, capacidad=700]
22:57:32,029 (main) INFO  [it.negocio.EPSAndes] - Consultando Epsï¿½s
22:57:32,077 (main) INFO  [it.negocio.EPSAndes] - Consultando las epsï¿½s: 2 epsï¿½s agregadas
22:59:22,696 (main) INFO  [it.controller.Controller] - Se encontrï¿½ un archivo de configuraciï¿½n vï¿½lido: Tablas BD
22:59:28,396 (main) INFO  [it.negocio.EPSAndes] - Consultando Epsï¿½s
22:59:28,712 (main) INFO  [it.negocio.EPSAndes] - Consultando las epsï¿½s: 2 epsï¿½s agregadas
22:59:40,214 (main) INFO  [it.negocio.EPSAndes] - Consultando Epsï¿½s
22:59:40,234 (main) INFO  [it.negocio.EPSAndes] - Consultando las epsï¿½s: 2 epsï¿½s agregadas
22:59:57,723 (main) INFO  [it.negocio.EPSAndes] - Registrando IPS: HOSPITAL
22:59:57,888 (main) INFO  [it.negocio.EPSAndes] - Registrando IPS: IPS [id=140, Nombre=HOSPITAL, localizacion=BOGOTA, capacidad=1]
23:00:23,979 (main) INFO  [it.negocio.EPSAndes] - Consultando Epsï¿½s
23:00:24,025 (main) INFO  [it.negocio.EPSAndes] - Consultando las epsï¿½s: 2 epsï¿½s agregadas
23:06:40,349 (main) INFO  [it.controller.Controller] - Se encontrï¿½ un archivo de configuraciï¿½n vï¿½lido: Tablas BD
23:06:46,951 (main) INFO  [it.negocio.EPSAndes] - Consultando Epsï¿½s
23:06:47,256 (main) INFO  [it.negocio.EPSAndes] - Consultando las epsï¿½s: 0 epsï¿½s agregadas
23:08:50,736 (main) INFO  [it.controller.Controller] - Se encontrï¿½ un archivo de configuraciï¿½n vï¿½lido: Tablas BD
23:08:55,704 (main) INFO  [it.negocio.EPSAndes] - Consultando Epsï¿½s
23:08:55,993 (main) INFO  [it.negocio.EPSAndes] - Consultando las epsï¿½s: 0 epsï¿½s agregadas
23:09:22,560 (main) INFO  [it.controller.Controller] - Se encontrï¿½ un archivo de configuraciï¿½n vï¿½lido: Tablas BD
23:09:27,363 (main) INFO  [it.negocio.EPSAndes] - Consultando Epsï¿½s
23:09:27,648 (main) INFO  [it.negocio.EPSAndes] - Consultando las epsï¿½s: 2 epsï¿½s agregadas
23:10:31,636 (main) INFO  [it.controller.Controller] - Se encontrï¿½ un archivo de configuraciï¿½n vï¿½lido: Tablas BD
23:10:51,301 (main) INFO  [it.controller.Controller] - Se encontrï¿½ un archivo de configuraciï¿½n vï¿½lido: Tablas BD
23:10:56,163 (main) INFO  [it.negocio.EPSAndes] - Consultando Epsï¿½s
23:10:56,475 (main) INFO  [it.negocio.EPSAndes] - Consultando las epsï¿½s: 2 epsï¿½s agregadas
23:11:01,784 (main) INFO  [it.negocio.EPSAndes] - Consultando Epsï¿½s
23:11:01,802 (main) INFO  [it.negocio.EPSAndes] - Consultando las epsï¿½s: 2 epsï¿½s agregadas
23:11:12,834 (main) INFO  [it.negocio.EPSAndes] - Registrando IPS: HOSPITAL HOLA
23:11:13,009 (main) INFO  [it.negocio.EPSAndes] - Registrando IPS: IPS [id=141, Nombre=HOSPITAL HOLA, localizacion=BOGOTA, capacidad=8]
23:11:28,972 (main) INFO  [it.negocio.EPSAndes] - Consultando Epsï¿½s
23:11:29,023 (main) INFO  [it.negocio.EPSAndes] - Consultando las epsï¿½s: 2 epsï¿½s agregadas
23:12:08,634 (main) INFO  [it.controller.Controller] - Se encontrï¿½ un archivo de configuraciï¿½n vï¿½lido: Tablas BD
23:12:13,625 (main) INFO  [it.negocio.EPSAndes] - Consultando Epsï¿½s
23:12:13,918 (main) INFO  [it.negocio.EPSAndes] - Consultando las epsï¿½s: 2 epsï¿½s agregadas
23:12:20,904 (main) INFO  [it.negocio.EPSAndes] - Consultando Epsï¿½s
23:12:20,925 (main) INFO  [it.negocio.EPSAndes] - Consultando las epsï¿½s: 2 epsï¿½s agregadas
23:12:30,937 (main) INFO  [it.negocio.EPSAndes] - Registrando IPS: HOSPITAL SAN
23:12:31,114 (main) INFO  [it.negocio.EPSAndes] - Registrando IPS: IPS [id=142, Nombre=HOSPITAL SAN, localizacion=2, capacidad=200]
23:12:57,292 (main) INFO  [it.negocio.EPSAndes] - Consultando Epsï¿½s
23:12:57,331 (main) INFO  [it.negocio.EPSAndes] - Consultando las epsï¿½s: 2 epsï¿½s agregadas
23:13:33,698 (main) INFO  [it.controller.Controller] - Se encontrï¿½ un archivo de configuraciï¿½n vï¿½lido: Tablas BD
23:13:38,482 (main) INFO  [it.negocio.EPSAndes] - Consultando Epsï¿½s
23:13:38,772 (main) INFO  [it.negocio.EPSAndes] - Consultando las epsï¿½s: 2 epsï¿½s agregadas
23:14:03,083 (main) INFO  [it.negocio.EPSAndes] - Consultando Epsï¿½s
23:14:03,101 (main) INFO  [it.negocio.EPSAndes] - Consultando las epsï¿½s: 2 epsï¿½s agregadas
23:14:13,387 (main) INFO  [it.negocio.EPSAndes] - Registrando IPS: HOSPITAL
23:14:13,556 (main) INFO  [it.negocio.EPSAndes] - Registrando IPS: IPS [id=143, Nombre=HOSPITAL, localizacion=BOG, capacidad=53]
23:14:25,724 (main) INFO  [it.negocio.EPSAndes] - Consultando Epsï¿½s
23:14:25,767 (main) INFO  [it.negocio.EPSAndes] - Consultando las epsï¿½s: 2 epsï¿½s agregadas
23:15:53,726 (main) INFO  [it.controller.Controller] - Se encontrï¿½ un archivo de configuraciï¿½n vï¿½lido: Tablas BD
23:15:58,593 (main) INFO  [it.negocio.EPSAndes] - Consultando Epsï¿½s
23:15:58,870 (main) INFO  [it.negocio.EPSAndes] - Consultando las epsï¿½s: 2 epsï¿½s agregadas
23:16:06,302 (main) INFO  [it.negocio.EPSAndes] - Consultando Epsï¿½s
23:16:06,322 (main) INFO  [it.negocio.EPSAndes] - Consultando las epsï¿½s: 2 epsï¿½s agregadas
23:16:20,425 (main) INFO  [it.negocio.EPSAndes] - Registrando IPS: HOSPITAL 
23:16:20,596 (main) INFO  [it.negocio.EPSAndes] - Registrando IPS: IPS [id=144, Nombre=HOSPITAL , localizacion=BOG, capacidad=700]
23:16:33,283 (main) INFO  [it.negocio.EPSAndes] - Consultando Epsï¿½s
23:16:33,328 (main) INFO  [it.negocio.EPSAndes] - Consultando las epsï¿½s: 2 epsï¿½s agregadas
23:17:27,893 (main) INFO  [it.negocio.EPSAndes] - Consultando Epsï¿½s
23:17:27,941 (main) INFO  [it.negocio.EPSAndes] - Consultando las epsï¿½s: 2 epsï¿½s agregadas
23:18:12,181 (main) INFO  [it.negocio.EPSAndes] - Consultando Epsï¿½s
23:18:12,223 (main) INFO  [it.negocio.EPSAndes] - Consultando las epsï¿½s: 2 epsï¿½s agregadas
00:03:25,975 (main) INFO  [it.controller.Controller] - Se encontrï¿½ un archivo de configuraciï¿½n vï¿½lido: Tablas BD
00:03:28,773 (main) INFO  [it.negocio.EPSAndes] - Consultando Epsï¿½s
00:03:29,029 (main) INFO  [it.negocio.EPSAndes] - Consultando las epsï¿½s: 2 epsï¿½s agregadas
00:03:51,165 (main) INFO  [it.controller.Controller] - Se encontrï¿½ un archivo de configuraciï¿½n vï¿½lido: Tablas BD
00:03:54,295 (main) INFO  [it.negocio.EPSAndes] - Consultando Epsï¿½s
00:03:54,544 (main) INFO  [it.negocio.EPSAndes] - Consultando las epsï¿½s: 2 epsï¿½s agregadas
00:04:01,913 (main) INFO  [it.negocio.EPSAndes] - Consultando Epsï¿½s
00:04:01,923 (main) INFO  [it.negocio.EPSAndes] - Consultando las epsï¿½s: 2 epsï¿½s agregadas
